test_1_database_structure (__main__.TestMealDeliverySystem.test_1_database_structure)
æ¸¬è©¦ 1: è³‡æ–™åº«çµæ§‹æª¢æŸ¥ ... ok
test_2_task_assignment_logic (__main__.TestMealDeliverySystem.test_2_task_assignment_logic)
æ¸¬è©¦ 2: æ’ç­èˆ‡èªé ˜é‚è¼¯ ... ok
test_3_delivery_record_logic (__main__.TestMealDeliverySystem.test_3_delivery_record_logic)
æ¸¬è©¦ 3: æ‰“å¡ç´€éŒ„é‚è¼¯ ... ERROR

======================================================================
ERROR: test_3_delivery_record_logic (__main__.TestMealDeliverySystem.test_3_delivery_record_logic)
æ¸¬è©¦ 3: æ‰“å¡ç´€éŒ„é‚è¼¯
----------------------------------------------------------------------
Traceback (most recent call last):
  File "D:\ä¸‹è¼‰\fire_dept_automation\tests\test_meal_delivery.py", line 115, in test_3_delivery_record_logic
    elderly_id = db_manager.create_elderly_profile(
                 ^^^^^^^^^^^^^^^^^^^^^^^^^^^^^^^^^^
  File "D:\ä¸‹è¼‰\fire_dept_automation\db_manager.py", line 638, in create_elderly_profile
    c.execute('''
sqlite3.OperationalError: table elderly_profiles has no column named sequence

----------------------------------------------------------------------
Ran 3 tests in 0.446s

FAILED (errors=1)

==================================================
é–‹å§‹åŸ·è¡Œé€é¤ç³»çµ±é‚è¼¯æ¸¬è©¦
==================================================

ğŸ§ª æ¸¬è©¦ 1: æª¢æŸ¥è³‡æ–™åº«çµæ§‹...
   âœ… elderly_profiles è¡¨çµæ§‹æ­£ç¢º
   âœ… delivery_records è¡¨çµæ§‹æ­£ç¢º

ğŸ§ª æ¸¬è©¦ 2: æ’ç­èªé ˜é‚è¼¯...
   âœ… ä»»å‹™ 4 æˆåŠŸæŒ‡æ´¾çµ¦ test_volunteer_001

ğŸ§ª æ¸¬è©¦ 3: æ‰“å¡ç´€éŒ„é‚è¼¯...
